<?xml version="1.0" encoding="UTF-8"?>
<!-- Generated by org.testng.reporters.JUnitXMLReporter -->
<testsuite ignored="2" hostname="DivyaSri" failures="0" tests="18" name="Test" time="57.68" errors="0" timestamp="2023-07-06T18:18:12 IST">
  <testcase classname="com.table.cases.Testcase" name="testcase1" time="0.008"/>
  <testcase classname="com.table.cases.Testcase" name="testcase1" time="0.0"/>
  <testcase classname="com.table.cases.Testcase" name="testcase1" time="0.0"/>
  <testcase classname="com.table.cases.Testcase" name="testcase1" time="0.0"/>
  <testcase classname="com.table.cases.Testcase" name="testcase1" time="0.0"/>
  <testcase classname="com.table.cases.Testcase" name="testcae" time="10.431"/>
  <testcase classname="com.table.cases.Testcase" name="testcae" time="6.081"/>
  <testcase classname="com.table.cases.Testcase" name="testcae" time="5.721"/>
  <testcase classname="com.table.cases.Testcase" name="testcase2" time="0.011"/>
  <testcase classname="com.table.cases.Testcase2" name="testcae" time="11.787"/>
  <testcase classname="com.table.cases.Testcase2" name="testcae" time="6.209"/>
  <testcase classname="com.table.cases.Testcase2" name="testcae" time="5.514"/>
  <testcase classname="com.table.cases.Testcase2" name="testcase1" time="0.0"/>
  <testcase classname="com.table.cases.Testcase2" name="testcase1" time="0.003"/>
  <testcase classname="com.table.cases.Testcase2" name="testcase1" time="0.0"/>
  <testcase classname="com.table.cases.Testcase2" name="testcase1" time="0.001"/>
  <testcase classname="com.table.cases.Testcase2" name="testcase1" time="0.006"/>
  <testcase classname="com.table.cases.Testcase2" name="testcase2" time="0.001"/>
  <testcase classname="com.table.cases.Testcase2" name="testcase3" time="0.0">
    <ignored/>
  </testcase> <!-- testcase3 -->
  <testcase classname="com.table.cases.Testcase" name="testcase3" time="0.0">
    <ignored/>
  </testcase> <!-- testcase3 -->
</testsuite> <!-- Test -->
