<?xml version="1.0" encoding="UTF-8"?>
<!-- Generated by org.testng.reporters.JUnitXMLReporter -->
<testsuite ignored="1" hostname="DivyaSri" failures="0" tests="6" name="Default test" time="2.522" errors="0" timestamp="2023-07-06T16:23:19 IST">
  <testcase classname="Testcase" name="testcase1" time="0.005"/>
  <testcase classname="Testcase" name="testcase1" time="0.003"/>
  <testcase classname="Testcase" name="testcase1" time="0.003"/>
  <testcase classname="Testcase" name="testcase1" time="0.001"/>
  <testcase classname="Testcase" name="testcase1" time="0.002"/>
  <testcase classname="Testcase" name="testcase2" time="0.001"/>
  <testcase classname="Testcase" name="testcase3" time="0.0">
    <ignored/>
  </testcase> <!-- testcase3 -->
</testsuite> <!-- Default test -->
