<?xml version="1.0" encoding="UTF-8"?>
<!-- Generated by org.testng.reporters.JUnitXMLReporter -->
<testsuite ignored="2" hostname="DivyaSri" failures="0" tests="12" name="Test" time="9.725" errors="0" timestamp="2023-07-06T17:41:54 IST">
  <testcase classname="com.table.cases.Testcase" name="testcase1" time="0.007"/>
  <testcase classname="com.table.cases.Testcase" name="testcase1" time="0.001"/>
  <testcase classname="com.table.cases.Testcase" name="testcase1" time="0.002"/>
  <testcase classname="com.table.cases.Testcase" name="testcase1" time="0.001"/>
  <testcase classname="com.table.cases.Testcase" name="testcase1" time="0.001"/>
  <testcase classname="com.table.cases.Testcase" name="testcase2" time="0.001"/>
  <testcase classname="com.table.cases.Testcase2" name="testcase1" time="0.002"/>
  <testcase classname="com.table.cases.Testcase2" name="testcase1" time="0.002"/>
  <testcase classname="com.table.cases.Testcase2" name="testcase1" time="0.001"/>
  <testcase classname="com.table.cases.Testcase2" name="testcase1" time="0.001"/>
  <testcase classname="com.table.cases.Testcase2" name="testcase1" time="0.002"/>
  <testcase classname="com.table.cases.Testcase2" name="testcase2" time="0.004"/>
  <testcase classname="com.table.cases.Testcase" name="testcase3" time="0.0">
    <ignored/>
  </testcase> <!-- testcase3 -->
  <testcase classname="com.table.cases.Testcase2" name="testcase3" time="0.0">
    <ignored/>
  </testcase> <!-- testcase3 -->
</testsuite> <!-- Test -->
