<?xml version="1.0" encoding="UTF-8"?>
<testng-results ignored="0" total="12" passed="12" failed="0" skipped="0">
  <reporter-output>
  </reporter-output>
  <suite started-at="2023-07-06T17:41:44 IST" name="Suite" finished-at="2023-07-06T17:41:54 IST" duration-ms="9725">
    <groups>
    </groups>
    <test started-at="2023-07-06T17:41:44 IST" name="Test" finished-at="2023-07-06T17:41:54 IST" duration-ms="9725">
      <class name="com.table.cases.Testcase">
        <test-method is-config="true" signature="initialization()[pri:0, instance:com.table.cases.Testcase@7c137fd5]" started-at="2023-07-06T17:41:44 IST" name="initialization" finished-at="2023-07-06T17:41:51 IST" duration-ms="7130" status="PASS">
          <reporter-output>
          </reporter-output>
        </test-method> <!-- initialization -->
        <test-method signature="testcase1()[pri:0, instance:com.table.cases.Testcase@7c137fd5]" started-at="2023-07-06T17:41:54 IST" name="testcase1" finished-at="2023-07-06T17:41:54 IST" duration-ms="7" status="PASS">
          <reporter-output>
          </reporter-output>
        </test-method> <!-- testcase1 -->
        <test-method signature="testcase1()[pri:0, instance:com.table.cases.Testcase@7c137fd5]" started-at="2023-07-06T17:41:54 IST" name="testcase1" finished-at="2023-07-06T17:41:54 IST" duration-ms="1" status="PASS">
          <reporter-output>
          </reporter-output>
        </test-method> <!-- testcase1 -->
        <test-method signature="testcase1()[pri:0, instance:com.table.cases.Testcase@7c137fd5]" started-at="2023-07-06T17:41:54 IST" name="testcase1" finished-at="2023-07-06T17:41:54 IST" duration-ms="2" status="PASS">
          <reporter-output>
          </reporter-output>
        </test-method> <!-- testcase1 -->
        <test-method signature="testcase1()[pri:0, instance:com.table.cases.Testcase@7c137fd5]" started-at="2023-07-06T17:41:54 IST" name="testcase1" finished-at="2023-07-06T17:41:54 IST" duration-ms="1" status="PASS">
          <reporter-output>
          </reporter-output>
        </test-method> <!-- testcase1 -->
        <test-method signature="testcase1()[pri:0, instance:com.table.cases.Testcase@7c137fd5]" started-at="2023-07-06T17:41:54 IST" name="testcase1" finished-at="2023-07-06T17:41:54 IST" duration-ms="1" status="PASS">
          <reporter-output>
          </reporter-output>
        </test-method> <!-- testcase1 -->
        <test-method signature="testcase2()[pri:0, instance:com.table.cases.Testcase@7c137fd5]" started-at="2023-07-06T17:41:54 IST" name="testcase2" finished-at="2023-07-06T17:41:54 IST" depends-on-methods="com.table.cases.Testcase.testcase1" duration-ms="1" status="PASS">
          <reporter-output>
          </reporter-output>
        </test-method> <!-- testcase2 -->
      </class> <!-- com.table.cases.Testcase -->
      <class name="com.table.cases.Testcase2">
        <test-method is-config="true" signature="initialization()[pri:0, instance:com.table.cases.Testcase2@24569dba]" started-at="2023-07-06T17:41:51 IST" name="initialization" finished-at="2023-07-06T17:41:54 IST" duration-ms="2511" status="PASS">
          <reporter-output>
          </reporter-output>
        </test-method> <!-- initialization -->
        <test-method signature="testcase1()[pri:0, instance:com.table.cases.Testcase2@24569dba]" started-at="2023-07-06T17:41:54 IST" name="testcase1" finished-at="2023-07-06T17:41:54 IST" duration-ms="2" status="PASS">
          <reporter-output>
          </reporter-output>
        </test-method> <!-- testcase1 -->
        <test-method signature="testcase1()[pri:0, instance:com.table.cases.Testcase2@24569dba]" started-at="2023-07-06T17:41:54 IST" name="testcase1" finished-at="2023-07-06T17:41:54 IST" duration-ms="2" status="PASS">
          <reporter-output>
          </reporter-output>
        </test-method> <!-- testcase1 -->
        <test-method signature="testcase1()[pri:0, instance:com.table.cases.Testcase2@24569dba]" started-at="2023-07-06T17:41:54 IST" name="testcase1" finished-at="2023-07-06T17:41:54 IST" duration-ms="1" status="PASS">
          <reporter-output>
          </reporter-output>
        </test-method> <!-- testcase1 -->
        <test-method signature="testcase1()[pri:0, instance:com.table.cases.Testcase2@24569dba]" started-at="2023-07-06T17:41:54 IST" name="testcase1" finished-at="2023-07-06T17:41:54 IST" duration-ms="1" status="PASS">
          <reporter-output>
          </reporter-output>
        </test-method> <!-- testcase1 -->
        <test-method signature="testcase1()[pri:0, instance:com.table.cases.Testcase2@24569dba]" started-at="2023-07-06T17:41:54 IST" name="testcase1" finished-at="2023-07-06T17:41:54 IST" duration-ms="2" status="PASS">
          <reporter-output>
          </reporter-output>
        </test-method> <!-- testcase1 -->
        <test-method signature="testcase2()[pri:0, instance:com.table.cases.Testcase2@24569dba]" started-at="2023-07-06T17:41:54 IST" name="testcase2" finished-at="2023-07-06T17:41:54 IST" depends-on-methods="com.table.cases.Testcase2.testcase1" duration-ms="4" status="PASS">
          <reporter-output>
          </reporter-output>
        </test-method> <!-- testcase2 -->
      </class> <!-- com.table.cases.Testcase2 -->
    </test> <!-- Test -->
  </suite> <!-- Suite -->
</testng-results>
